0 silly argv {
0 silly argv   _: [ 'bootstrap' ],
0 silly argv   lernaVersion: '5.1.8',
0 silly argv   '$0': '/Users/nirav/dev/signalwire/components/tt2/react/node_modules/.bin/lerna'
0 silly argv }
1 notice cli v5.1.8
2 verbose rootPath /Users/nirav/dev/signalwire/components/tt2/react
3 info versioning independent
4 error JSONError: Unexpected token "'" (0x27) in JSON at position 663 while parsing near "...ct\": \"^18.0.0\",\n    'react-native': \"^0...." in packages/react-native/package.json
4 error
4 error [0m [90m 24 |[39m   [32m"peerDependencies"[39m[33m:[39m {[0m
4 error [0m [90m 25 |[39m     [32m"react"[39m[33m:[39m [32m"^18.0.0"[39m[33m,[39m[0m
4 error [0m[31m[1m>[22m[39m[90m 26 |[39m     [32m'react-native'[39m[33m:[39m [32m"^0.69.1"[39m[0m
4 error [0m [90m    |[39m     [31m[1m^[22m[39m[0m
4 error [0m [90m 27 |[39m   }[33m,[39m[0m
4 error [0m [90m 28 |[39m   [32m"devDependencies"[39m[33m:[39m {[0m
4 error [0m [90m 29 |[39m     [32m"@rollup/plugin-commonjs"[39m[33m:[39m [32m"^22.0.0"[39m[33m,[39m[0m
4 error
4 error     at parseJson (/Users/nirav/dev/signalwire/components/tt2/react/node_modules/parse-json/index.js:29:21)
4 error     at parse (/Users/nirav/dev/signalwire/components/tt2/react/node_modules/load-json-file/index.js:15:9)
4 error     at module.exports (/Users/nirav/dev/signalwire/components/tt2/react/node_modules/load-json-file/index.js:18:47)
